<?xml version="1.0" encoding="UTF-8"?>
<testng-results ignored="1" total="2" passed="1" failed="0" skipped="0">
  <reporter-output>
  </reporter-output>
  <suite started-at="2025-01-13T11:49:52 IST" name="Default suite" finished-at="2025-01-13T11:49:59 IST" duration-ms="7077">
    <groups>
    </groups>
    <test started-at="2025-01-13T11:49:52 IST" name="Default test" finished-at="2025-01-13T11:49:59 IST" duration-ms="7077">
      <class name="com.testingshastra.testcases.TestCaseOrangeHRM">
        <test-method signature="toVerifyLogin()[pri:0, instance:com.testingshastra.testcases.TestCaseOrangeHRM@1165b38]" started-at="2025-01-13T11:49:52 IST" name="toVerifyLogin" finished-at="2025-01-13T11:49:59 IST" duration-ms="7048" status="PASS">
          <reporter-output>
          </reporter-output>
        </test-method> <!-- toVerifyLogin -->
      </class> <!-- com.testingshastra.testcases.TestCaseOrangeHRM -->
    </test> <!-- Default test -->
  </suite> <!-- Default suite -->
</testng-results>
